c:\users\natha\documents\github\filing-cabinet\filing-cabinet\filing-cabinet\x64\debug\vc143.pdb
c:\users\natha\documents\github\filing-cabinet\filing-cabinet\filing-cabinet\x64\debug\vc143.idb
c:\users\natha\documents\github\filing-cabinet\filing-cabinet\filing-cabinet\x64\debug\main.obj
c:\users\natha\documents\github\filing-cabinet\filing-cabinet\filing-cabinet\x64\debug\logger.obj
c:\users\natha\documents\github\filing-cabinet\filing-cabinet\filing-cabinet\x64\debug\application.obj
c:\users\natha\documents\github\filing-cabinet\filing-cabinet\filing-cabinet\x64\debug\statestack.obj
c:\users\natha\documents\github\filing-cabinet\filing-cabinet\filing-cabinet\x64\debug\state.obj
c:\users\natha\documents\github\filing-cabinet\filing-cabinet\filing-cabinet\x64\debug\relativerect.obj
c:\users\natha\documents\github\filing-cabinet\filing-cabinet\filing-cabinet\x64\debug\gui_object.obj
c:\users\natha\documents\github\filing-cabinet\filing-cabinet\filing-cabinet\x64\debug\container.obj
c:\users\natha\documents\github\filing-cabinet\filing-cabinet\filing-cabinet\x64\debug\textbox.obj
c:\users\natha\documents\github\filing-cabinet\filing-cabinet\filing-cabinet\x64\debug\menustate.obj
c:\users\natha\documents\github\filing-cabinet\filing-cabinet\filing-cabinet\x64\debug\image.obj
c:\users\natha\documents\github\filing-cabinet\filing-cabinet\filing-cabinet\x64\debug\button.obj
c:\users\natha\documents\github\filing-cabinet\filing-cabinet\filing-cabinet\x64\debug\jsonhandler.obj
c:\users\natha\documents\github\filing-cabinet\filing-cabinet\filing-cabinet\x64\debug\vc145.pdb
c:\users\natha\documents\github\filing-cabinet\filing-cabinet\filing-cabinet\x64\debug\dropdown.obj
c:\users\natha\documents\github\filing-cabinet\filing-cabinet\filing-cabinet\x64\debug\sidebar.obj
c:\users\natha\documents\github\filing-cabinet\filing-cabinet\filing-cabinet\x64\debug\settingsstate.obj
c:\users\natha\documents\github\filing-cabinet\filing-cabinet\filing-cabinet\x64\debug\scrollbox.obj
c:\users\natha\documents\github\filing-cabinet\filing-cabinet\filing-cabinet\x64\debug\changeablebox.obj
c:\users\natha\documents\github\filing-cabinet\filing-cabinet\filing-cabinet\x64\debug\utility.obj
c:\users\natha\documents\github\filing-cabinet\filing-cabinet\filing-cabinet\x64\debug\vc145.idb
c:\users\natha\documents\github\filing-cabinet\filing-cabinet\filing-cabinet\x64\debug\ocr_wrapper.obj
c:\users\natha\documents\github\filing-cabinet\filing-cabinet\x64\debug\tesseract55d.dll
c:\users\natha\documents\github\filing-cabinet\filing-cabinet\x64\debug\archive.dll
c:\users\natha\documents\github\filing-cabinet\filing-cabinet\x64\debug\zlibd1.dll
c:\users\natha\documents\github\filing-cabinet\filing-cabinet\x64\debug\bz2d.dll
c:\users\natha\documents\github\filing-cabinet\filing-cabinet\x64\debug\liblzma.dll
c:\users\natha\documents\github\filing-cabinet\filing-cabinet\x64\debug\libcrypto-3-x64.dll
c:\users\natha\documents\github\filing-cabinet\filing-cabinet\x64\debug\lz4d.dll
c:\users\natha\documents\github\filing-cabinet\filing-cabinet\x64\debug\zstd.dll
c:\users\natha\documents\github\filing-cabinet\filing-cabinet\x64\debug\libcurl-d.dll
c:\users\natha\documents\github\filing-cabinet\filing-cabinet\x64\debug\leptonica-1.85.0d.dll
c:\users\natha\documents\github\filing-cabinet\filing-cabinet\x64\debug\gif.dll
c:\users\natha\documents\github\filing-cabinet\filing-cabinet\x64\debug\jpeg62.dll
c:\users\natha\documents\github\filing-cabinet\filing-cabinet\x64\debug\openjp2.dll
c:\users\natha\documents\github\filing-cabinet\filing-cabinet\x64\debug\libpng16d.dll
c:\users\natha\documents\github\filing-cabinet\filing-cabinet\x64\debug\tiffd.dll
c:\users\natha\documents\github\filing-cabinet\filing-cabinet\x64\debug\libwebpmux.dll
c:\users\natha\documents\github\filing-cabinet\filing-cabinet\x64\debug\libwebp.dll
c:\users\natha\documents\github\filing-cabinet\filing-cabinet\x64\debug\libsharpyuv.dll
c:\users\natha\documents\github\filing-cabinet\filing-cabinet\x64\debug\filing-cabinet.exe
c:\users\natha\documents\github\filing-cabinet\filing-cabinet\x64\debug\filing-cabinet.pdb
c:\users\natha\documents\github\filing-cabinet\filing-cabinet\filing-cabinet\x64\debug\filing-cabinet.ilk
c:\users\natha\documents\github\filing-cabinet\filing-cabinet\filing-cabinet\x64\debug\resourceholder.obj
c:\users\natha\documents\github\filing-cabinet\filing-cabinet\filing-cabinet\x64\debug\filing-cabinet.tlog\cl.command.1.tlog
c:\users\natha\documents\github\filing-cabinet\filing-cabinet\filing-cabinet\x64\debug\filing-cabinet.tlog\cl.items.tlog
c:\users\natha\documents\github\filing-cabinet\filing-cabinet\filing-cabinet\x64\debug\filing-cabinet.tlog\cl.read.1.tlog
c:\users\natha\documents\github\filing-cabinet\filing-cabinet\filing-cabinet\x64\debug\filing-cabinet.tlog\cl.write.1.tlog
c:\users\natha\documents\github\filing-cabinet\filing-cabinet\filing-cabinet\x64\debug\filing-cabinet.tlog\filing-cabinet.write.1u.tlog
c:\users\natha\documents\github\filing-cabinet\filing-cabinet\filing-cabinet\x64\debug\filing-cabinet.tlog\link.command.1.tlog
c:\users\natha\documents\github\filing-cabinet\filing-cabinet\filing-cabinet\x64\debug\filing-cabinet.tlog\link.read.1.tlog
c:\users\natha\documents\github\filing-cabinet\filing-cabinet\filing-cabinet\x64\debug\filing-cabinet.tlog\link.secondary.1.tlog
c:\users\natha\documents\github\filing-cabinet\filing-cabinet\filing-cabinet\x64\debug\filing-cabinet.tlog\link.write.1.tlog
