  Button.cpp
C:\Users\natha\Documents\GitHub\filing-cabinet\Filing-Cabinet\Button.h(13,15): error C3668: 'Button::draw': method with override specifier 'override' did not override any base class methods
  (compiling source file 'Button.cpp')
  
  Container.cpp
  GUI_Object.cpp
C:\Users\natha\Documents\GitHub\filing-cabinet\Filing-Cabinet\GUI_Object.cpp(16,18): error C2509: 'draw': member function not declared in 'GUI_Object'
      C:\Users\natha\Documents\GitHub\filing-cabinet\Filing-Cabinet\GUI_Object.h(6,7):
      see declaration of 'GUI_Object'
  
  Image.cpp
C:\Users\natha\Documents\GitHub\filing-cabinet\Filing-Cabinet\Image.h(13,2): error C2062: type 'void' unexpected
  (compiling source file 'Image.cpp')
  
C:\Users\natha\Documents\GitHub\filing-cabinet\Filing-Cabinet\Image.h(13,85): error C2238: unexpected token(s) preceding ';'
  (compiling source file 'Image.cpp')
  
C:\Users\natha\Documents\GitHub\filing-cabinet\Filing-Cabinet\Image.cpp(17,13): error C2509: 'draw': member function not declared in 'Image'
      C:\Users\natha\Documents\GitHub\filing-cabinet\Filing-Cabinet\Image.h(5,7):
      see declaration of 'Image'
  
  MenuState.cpp
C:\Users\natha\Documents\GitHub\filing-cabinet\Filing-Cabinet\Image.h(13,2): error C2062: type 'void' unexpected
  (compiling source file 'MenuState.cpp')
  
C:\Users\natha\Documents\GitHub\filing-cabinet\Filing-Cabinet\Image.h(13,85): error C2238: unexpected token(s) preceding ';'
  (compiling source file 'MenuState.cpp')
  
  StateStack.cpp
  Generating Code...
