c:\users\natha\documents\github\filing-cabinet\filing-cabinet\filing-cabinet\x64\release\vc145.pdb
c:\users\natha\documents\github\filing-cabinet\filing-cabinet\filing-cabinet\x64\release\utility.obj
c:\users\natha\documents\github\filing-cabinet\filing-cabinet\filing-cabinet\x64\release\textbox.obj
c:\users\natha\documents\github\filing-cabinet\filing-cabinet\filing-cabinet\x64\release\statestack.obj
c:\users\natha\documents\github\filing-cabinet\filing-cabinet\filing-cabinet\x64\release\state.obj
c:\users\natha\documents\github\filing-cabinet\filing-cabinet\filing-cabinet\x64\release\sidebar.obj
c:\users\natha\documents\github\filing-cabinet\filing-cabinet\filing-cabinet\x64\release\settingsstate.obj
c:\users\natha\documents\github\filing-cabinet\filing-cabinet\filing-cabinet\x64\release\scrollbox.obj
c:\users\natha\documents\github\filing-cabinet\filing-cabinet\filing-cabinet\x64\release\relativerect.obj
c:\users\natha\documents\github\filing-cabinet\filing-cabinet\filing-cabinet\x64\release\ocr_wrapper.obj
c:\users\natha\documents\github\filing-cabinet\filing-cabinet\filing-cabinet\x64\release\menustate.obj
c:\users\natha\documents\github\filing-cabinet\filing-cabinet\filing-cabinet\x64\release\main.obj
c:\users\natha\documents\github\filing-cabinet\filing-cabinet\filing-cabinet\x64\release\logger.obj
c:\users\natha\documents\github\filing-cabinet\filing-cabinet\filing-cabinet\x64\release\jsonhandler.obj
c:\users\natha\documents\github\filing-cabinet\filing-cabinet\filing-cabinet\x64\release\image.obj
c:\users\natha\documents\github\filing-cabinet\filing-cabinet\filing-cabinet\x64\release\gui_object.obj
c:\users\natha\documents\github\filing-cabinet\filing-cabinet\filing-cabinet\x64\release\dropdown.obj
c:\users\natha\documents\github\filing-cabinet\filing-cabinet\filing-cabinet\x64\release\container.obj
c:\users\natha\documents\github\filing-cabinet\filing-cabinet\filing-cabinet\x64\release\changeablebox.obj
c:\users\natha\documents\github\filing-cabinet\filing-cabinet\filing-cabinet\x64\release\button.obj
c:\users\natha\documents\github\filing-cabinet\filing-cabinet\filing-cabinet\x64\release\application.obj
c:\users\natha\documents\github\filing-cabinet\filing-cabinet\x64\release\leptonica-1.85.0.dll
c:\users\natha\documents\github\filing-cabinet\filing-cabinet\x64\release\gif.dll
c:\users\natha\documents\github\filing-cabinet\filing-cabinet\x64\release\jpeg62.dll
c:\users\natha\documents\github\filing-cabinet\filing-cabinet\x64\release\openjp2.dll
c:\users\natha\documents\github\filing-cabinet\filing-cabinet\x64\release\libpng16.dll
c:\users\natha\documents\github\filing-cabinet\filing-cabinet\x64\release\zlib1.dll
c:\users\natha\documents\github\filing-cabinet\filing-cabinet\x64\release\tiff.dll
c:\users\natha\documents\github\filing-cabinet\filing-cabinet\x64\release\liblzma.dll
c:\users\natha\documents\github\filing-cabinet\filing-cabinet\x64\release\libwebpmux.dll
c:\users\natha\documents\github\filing-cabinet\filing-cabinet\x64\release\libwebp.dll
c:\users\natha\documents\github\filing-cabinet\filing-cabinet\x64\release\libsharpyuv.dll
c:\users\natha\documents\github\filing-cabinet\filing-cabinet\x64\release\tesseract55.dll
c:\users\natha\documents\github\filing-cabinet\filing-cabinet\x64\release\archive.dll
c:\users\natha\documents\github\filing-cabinet\filing-cabinet\x64\release\bz2.dll
c:\users\natha\documents\github\filing-cabinet\filing-cabinet\x64\release\libcrypto-3-x64.dll
c:\users\natha\documents\github\filing-cabinet\filing-cabinet\x64\release\lz4.dll
c:\users\natha\documents\github\filing-cabinet\filing-cabinet\x64\release\zstd.dll
c:\users\natha\documents\github\filing-cabinet\filing-cabinet\x64\release\libcurl.dll
c:\users\natha\documents\github\filing-cabinet\filing-cabinet\x64\release\filing-cabinet.exe
c:\users\natha\documents\github\filing-cabinet\filing-cabinet\x64\release\filing-cabinet.pdb
c:\users\natha\documents\github\filing-cabinet\filing-cabinet\filing-cabinet\x64\release\filing-cabinet.ipdb
c:\users\natha\documents\github\filing-cabinet\filing-cabinet\filing-cabinet\x64\release\filing-cabinet.iobj
c:\users\natha\documents\github\filing-cabinet\filing-cabinet\filing-cabinet\x64\release\filing-cabinet.tlog\cl.command.1.tlog
c:\users\natha\documents\github\filing-cabinet\filing-cabinet\filing-cabinet\x64\release\filing-cabinet.tlog\cl.items.tlog
c:\users\natha\documents\github\filing-cabinet\filing-cabinet\filing-cabinet\x64\release\filing-cabinet.tlog\cl.read.1.tlog
c:\users\natha\documents\github\filing-cabinet\filing-cabinet\filing-cabinet\x64\release\filing-cabinet.tlog\cl.write.1.tlog
c:\users\natha\documents\github\filing-cabinet\filing-cabinet\filing-cabinet\x64\release\filing-cabinet.tlog\filing-cabinet.write.1u.tlog
c:\users\natha\documents\github\filing-cabinet\filing-cabinet\filing-cabinet\x64\release\filing-cabinet.tlog\link.command.1.tlog
c:\users\natha\documents\github\filing-cabinet\filing-cabinet\filing-cabinet\x64\release\filing-cabinet.tlog\link.read.1.tlog
c:\users\natha\documents\github\filing-cabinet\filing-cabinet\filing-cabinet\x64\release\filing-cabinet.tlog\link.secondary.1.tlog
c:\users\natha\documents\github\filing-cabinet\filing-cabinet\filing-cabinet\x64\release\filing-cabinet.tlog\link.write.1.tlog
