  Application.cpp
  Button.cpp
  ChangeableBox.cpp
  Container.cpp
  DropDown.cpp
  GUI_Object.cpp
  Image.cpp
  JsonHandler.cpp
  Logger.cpp
  main.cpp
  MenuState.cpp
  OCR_Wrapper.cpp
  RelativeRect.cpp
  ScrollBox.cpp
  SettingsState.cpp
  Sidebar.cpp
  State.cpp
  StateStack.cpp
  TextBox.cpp
  Utility.cpp
  Generating code
  Previous IPDB not found, fall back to full compilation.
  All 2597 functions were compiled because no usable IPDB/IOBJ from previous compilation was found.
  Finished generating code
  Filing-Cabinet.vcxproj -> C:\Users\natha\Documents\GitHub\filing-cabinet\Filing-Cabinet\x64\Release\Filing-Cabinet.exe
  'pwsh.exe' is not recognized as an internal or external command,
  operable program or batch file.
