  main.cpp
Application.obj : error LNK2019: unresolved external symbol "__declspec(dllimport) public: __cdecl sf::View::View(class sf::Rect<float> const &)" (__imp_??0View@sf@@QEAA@AEBV?$Rect@M@1@@Z) referenced in function "public: __cdecl Application::Application(void)" (??0Application@@QEAA@XZ)
Application.obj : error LNK2019: unresolved external symbol "__declspec(dllimport) public: void __cdecl sf::RenderTarget::clear(class sf::Color)" (__imp_?clear@RenderTarget@sf@@QEAAXVColor@2@@Z) referenced in function "public: void __cdecl Application::RUN(void)" (?RUN@Application@@QEAAXXZ)
    Hint on symbols that are defined and could potentially match:
      "__declspec(dllimport) public: void __cdecl std::basic_ios<char,struct std::char_traits<char> >::clear(int,bool)" (__imp_?clear@?$basic_ios@DU?$char_traits@D@std@@@std@@QEAAXH_N@Z)
Application.obj : error LNK2019: unresolved external symbol "__declspec(dllimport) public: void __cdecl sf::RenderTarget::setView(class sf::View const &)" (__imp_?setView@RenderTarget@sf@@QEAAXAEBVView@2@@Z) referenced in function "public: __cdecl Application::Application(void)" (??0Application@@QEAA@XZ)
Application.obj : error LNK2019: unresolved external symbol "__declspec(dllimport) public: __cdecl sf::VideoMode::VideoMode(class sf::Vector2<unsigned int>,unsigned int)" (__imp_??0VideoMode@sf@@QEAA@V?$Vector2@I@1@I@Z) referenced in function "public: __cdecl Application::Application(void)" (??0Application@@QEAA@XZ)
Application.obj : error LNK2019: unresolved external symbol "__declspec(dllimport) public: class std::optional<class sf::Event> __cdecl sf::WindowBase::pollEvent(void)" (__imp_?pollEvent@WindowBase@sf@@QEAA?AV?$optional@VEvent@sf@@@std@@XZ) referenced in function "public: void __cdecl Application::handleEvents(void)" (?handleEvents@Application@@QEAAXXZ)
Application.obj : error LNK2019: unresolved external symbol "__declspec(dllimport) public: class sf::Vector2<int> __cdecl sf::WindowBase::getPosition(void)const " (__imp_?getPosition@WindowBase@sf@@QEBA?AV?$Vector2@H@2@XZ) referenced in function "public: void __cdecl Application::RUN(void)" (?RUN@Application@@QEAAXXZ)
Application.obj : error LNK2019: unresolved external symbol "__declspec(dllimport) public: void __cdecl sf::WindowBase::setPosition(class sf::Vector2<int>)" (__imp_?setPosition@WindowBase@sf@@QEAAXV?$Vector2@H@2@@Z) referenced in function "public: __cdecl Application::Application(void)" (??0Application@@QEAA@XZ)
Application.obj : error LNK2019: unresolved external symbol "__declspec(dllimport) public: void __cdecl sf::WindowBase::setSize(class sf::Vector2<unsigned int>)" (__imp_?setSize@WindowBase@sf@@QEAAXV?$Vector2@I@2@@Z) referenced in function "public: __cdecl Application::Application(void)" (??0Application@@QEAA@XZ)
Application.obj : error LNK2019: unresolved external symbol "__declspec(dllimport) public: __cdecl sf::String::String(char const *,class std::locale const &)" (__imp_??0String@sf@@QEAA@PEBDAEBVlocale@std@@@Z) referenced in function "public: __cdecl Application::Application(void)" (??0Application@@QEAA@XZ)
Application.obj : error LNK2019: unresolved external symbol "__declspec(dllimport) public: __cdecl sf::String::~String(void)" (__imp_??1String@sf@@QEAA@XZ) referenced in function "public: __cdecl Application::Application(void)" (??0Application@@QEAA@XZ)
Application.obj : error LNK2019: unresolved external symbol "__declspec(dllimport) public: void __cdecl sf::Window::setVerticalSyncEnabled(bool)" (__imp_?setVerticalSyncEnabled@Window@sf@@QEAAX_N@Z) referenced in function "public: void __cdecl Application::RUN(void)" (?RUN@Application@@QEAAXXZ)
Application.obj : error LNK2019: unresolved external symbol "__declspec(dllimport) public: void __cdecl sf::Window::display(void)" (__imp_?display@Window@sf@@QEAAXXZ) referenced in function "public: void __cdecl Application::RUN(void)" (?RUN@Application@@QEAAXXZ)
Application.obj : error LNK2019: unresolved external symbol "__declspec(dllimport) public: __cdecl sf::RenderWindow::RenderWindow(class sf::VideoMode,class sf::String const &,unsigned int,enum sf::State,struct sf::ContextSettings const &)" (__imp_??0RenderWindow@sf@@QEAA@VVideoMode@1@AEBVString@1@IW4State@1@AEBUContextSettings@1@@Z) referenced in function "public: __cdecl Application::Application(void)" (??0Application@@QEAA@XZ)
Application.obj : error LNK2019: unresolved external symbol "__declspec(dllimport) public: virtual __cdecl sf::RenderWindow::~RenderWindow(void)" (__imp_??1RenderWindow@sf@@UEAA@XZ) referenced in function "int `public: __cdecl Application::Application(void)'::`1'::dtor$3" (?dtor$3@?0???0Application@@QEAA@XZ@4HA)
main.obj : error LNK2001: unresolved external symbol "__declspec(dllimport) public: virtual __cdecl sf::RenderWindow::~RenderWindow(void)" (__imp_??1RenderWindow@sf@@UEAA@XZ)
Button.obj : error LNK2019: unresolved external symbol "__declspec(dllimport) public: class sf::Vector2<float> __cdecl sf::RenderTarget::mapPixelToCoords(class sf::Vector2<int>)const " (__imp_?mapPixelToCoords@RenderTarget@sf@@QEBA?AV?$Vector2@M@2@V?$Vector2@H@2@@Z) referenced in function "public: virtual bool __cdecl Button::handleEvent(class std::optional<class sf::Event>,class sf::RenderWindow *)" (?handleEvent@Button@@UEAA_NV?$optional@VEvent@sf@@@std@@PEAVRenderWindow@sf@@@Z)
ChangeableBox.obj : error LNK2001: unresolved external symbol "__declspec(dllimport) public: class sf::Vector2<float> __cdecl sf::RenderTarget::mapPixelToCoords(class sf::Vector2<int>)const " (__imp_?mapPixelToCoords@RenderTarget@sf@@QEBA?AV?$Vector2@M@2@V?$Vector2@H@2@@Z)
DropDown.obj : error LNK2001: unresolved external symbol "__declspec(dllimport) public: class sf::Vector2<float> __cdecl sf::RenderTarget::mapPixelToCoords(class sf::Vector2<int>)const " (__imp_?mapPixelToCoords@RenderTarget@sf@@QEBA?AV?$Vector2@M@2@V?$Vector2@H@2@@Z)
Sidebar.obj : error LNK2001: unresolved external symbol "__declspec(dllimport) public: class sf::Vector2<float> __cdecl sf::RenderTarget::mapPixelToCoords(class sf::Vector2<int>)const " (__imp_?mapPixelToCoords@RenderTarget@sf@@QEBA?AV?$Vector2@M@2@V?$Vector2@H@2@@Z)
Image.obj : error LNK2001: unresolved external symbol "__declspec(dllimport) public: void __cdecl sf::RenderTarget::draw(class sf::Drawable const &,struct sf::RenderStates const &)" (__imp_?draw@RenderTarget@sf@@QEAAXAEBVDrawable@2@AEBURenderStates@2@@Z)
MenuState.obj : error LNK2001: unresolved external symbol "__declspec(dllimport) public: void __cdecl sf::RenderTarget::draw(class sf::Drawable const &,struct sf::RenderStates const &)" (__imp_?draw@RenderTarget@sf@@QEAAXAEBVDrawable@2@AEBURenderStates@2@@Z)
SettingsState.obj : error LNK2001: unresolved external symbol "__declspec(dllimport) public: void __cdecl sf::RenderTarget::draw(class sf::Drawable const &,struct sf::RenderStates const &)" (__imp_?draw@RenderTarget@sf@@QEAAXAEBVDrawable@2@AEBURenderStates@2@@Z)
Sidebar.obj : error LNK2001: unresolved external symbol "__declspec(dllimport) public: void __cdecl sf::RenderTarget::draw(class sf::Drawable const &,struct sf::RenderStates const &)" (__imp_?draw@RenderTarget@sf@@QEAAXAEBVDrawable@2@AEBURenderStates@2@@Z)
Button.obj : error LNK2001: unresolved external symbol "__declspec(dllimport) public: void __cdecl sf::RenderTarget::draw(class sf::Drawable const &,struct sf::RenderStates const &)" (__imp_?draw@RenderTarget@sf@@QEAAXAEBVDrawable@2@AEBURenderStates@2@@Z)
ChangeableBox.obj : error LNK2001: unresolved external symbol "__declspec(dllimport) public: void __cdecl sf::RenderTarget::draw(class sf::Drawable const &,struct sf::RenderStates const &)" (__imp_?draw@RenderTarget@sf@@QEAAXAEBVDrawable@2@AEBURenderStates@2@@Z)
Container.obj : error LNK2001: unresolved external symbol "__declspec(dllimport) public: void __cdecl sf::RenderTarget::draw(class sf::Drawable const &,struct sf::RenderStates const &)" (__imp_?draw@RenderTarget@sf@@QEAAXAEBVDrawable@2@AEBURenderStates@2@@Z)
DropDown.obj : error LNK2001: unresolved external symbol "__declspec(dllimport) public: void __cdecl sf::RenderTarget::draw(class sf::Drawable const &,struct sf::RenderStates const &)" (__imp_?draw@RenderTarget@sf@@QEAAXAEBVDrawable@2@AEBURenderStates@2@@Z)
GUI_Object.obj : error LNK2001: unresolved external symbol "__declspec(dllimport) public: virtual __cdecl sf::Drawable::~Drawable(void)" (__imp_??1Drawable@sf@@UEAA@XZ)
Image.obj : error LNK2001: unresolved external symbol "__declspec(dllimport) public: virtual __cdecl sf::Drawable::~Drawable(void)" (__imp_??1Drawable@sf@@UEAA@XZ)
MenuState.obj : error LNK2001: unresolved external symbol "__declspec(dllimport) public: virtual __cdecl sf::Drawable::~Drawable(void)" (__imp_??1Drawable@sf@@UEAA@XZ)
Sidebar.obj : error LNK2001: unresolved external symbol "__declspec(dllimport) public: virtual __cdecl sf::Drawable::~Drawable(void)" (__imp_??1Drawable@sf@@UEAA@XZ)
Button.obj : error LNK2001: unresolved external symbol "__declspec(dllimport) public: virtual __cdecl sf::Drawable::~Drawable(void)" (__imp_??1Drawable@sf@@UEAA@XZ)
ChangeableBox.obj : error LNK2001: unresolved external symbol "__declspec(dllimport) public: virtual __cdecl sf::Drawable::~Drawable(void)" (__imp_??1Drawable@sf@@UEAA@XZ)
Container.obj : error LNK2001: unresolved external symbol "__declspec(dllimport) public: virtual __cdecl sf::Drawable::~Drawable(void)" (__imp_??1Drawable@sf@@UEAA@XZ)
DropDown.obj : error LNK2001: unresolved external symbol "__declspec(dllimport) public: virtual __cdecl sf::Drawable::~Drawable(void)" (__imp_??1Drawable@sf@@UEAA@XZ)
GUI_Object.obj : error LNK2001: unresolved external symbol "__declspec(dllimport) public: virtual __cdecl sf::Transformable::~Transformable(void)" (__imp_??1Transformable@sf@@UEAA@XZ)
Image.obj : error LNK2001: unresolved external symbol "__declspec(dllimport) public: virtual __cdecl sf::Transformable::~Transformable(void)" (__imp_??1Transformable@sf@@UEAA@XZ)
MenuState.obj : error LNK2001: unresolved external symbol "__declspec(dllimport) public: virtual __cdecl sf::Transformable::~Transformable(void)" (__imp_??1Transformable@sf@@UEAA@XZ)
Sidebar.obj : error LNK2001: unresolved external symbol "__declspec(dllimport) public: virtual __cdecl sf::Transformable::~Transformable(void)" (__imp_??1Transformable@sf@@UEAA@XZ)
Button.obj : error LNK2001: unresolved external symbol "__declspec(dllimport) public: virtual __cdecl sf::Transformable::~Transformable(void)" (__imp_??1Transformable@sf@@UEAA@XZ)
ChangeableBox.obj : error LNK2001: unresolved external symbol "__declspec(dllimport) public: virtual __cdecl sf::Transformable::~Transformable(void)" (__imp_??1Transformable@sf@@UEAA@XZ)
Container.obj : error LNK2001: unresolved external symbol "__declspec(dllimport) public: virtual __cdecl sf::Transformable::~Transformable(void)" (__imp_??1Transformable@sf@@UEAA@XZ)
DropDown.obj : error LNK2001: unresolved external symbol "__declspec(dllimport) public: virtual __cdecl sf::Transformable::~Transformable(void)" (__imp_??1Transformable@sf@@UEAA@XZ)
Sidebar.obj : error LNK2001: unresolved external symbol "__declspec(dllimport) public: void __cdecl sf::Transformable::setPosition(class sf::Vector2<float>)" (__imp_?setPosition@Transformable@sf@@QEAAXV?$Vector2@M@2@@Z)
Button.obj : error LNK2001: unresolved external symbol "__declspec(dllimport) public: void __cdecl sf::Transformable::setPosition(class sf::Vector2<float>)" (__imp_?setPosition@Transformable@sf@@QEAAXV?$Vector2@M@2@@Z)
Container.obj : error LNK2001: unresolved external symbol "__declspec(dllimport) public: void __cdecl sf::Transformable::setPosition(class sf::Vector2<float>)" (__imp_?setPosition@Transformable@sf@@QEAAXV?$Vector2@M@2@@Z)
DropDown.obj : error LNK2001: unresolved external symbol "__declspec(dllimport) public: void __cdecl sf::Transformable::setPosition(class sf::Vector2<float>)" (__imp_?setPosition@Transformable@sf@@QEAAXV?$Vector2@M@2@@Z)
Image.obj : error LNK2001: unresolved external symbol "__declspec(dllimport) public: void __cdecl sf::Transformable::setPosition(class sf::Vector2<float>)" (__imp_?setPosition@Transformable@sf@@QEAAXV?$Vector2@M@2@@Z)
Sidebar.obj : error LNK2001: unresolved external symbol "__declspec(dllimport) public: class sf::Transform const & __cdecl sf::Transformable::getTransform(void)const " (__imp_?getTransform@Transformable@sf@@QEBAAEBVTransform@2@XZ)
Button.obj : error LNK2001: unresolved external symbol "__declspec(dllimport) public: class sf::Transform const & __cdecl sf::Transformable::getTransform(void)const " (__imp_?getTransform@Transformable@sf@@QEBAAEBVTransform@2@XZ)
Container.obj : error LNK2001: unresolved external symbol "__declspec(dllimport) public: class sf::Transform const & __cdecl sf::Transformable::getTransform(void)const " (__imp_?getTransform@Transformable@sf@@QEBAAEBVTransform@2@XZ)
DropDown.obj : error LNK2001: unresolved external symbol "__declspec(dllimport) public: class sf::Transform const & __cdecl sf::Transformable::getTransform(void)const " (__imp_?getTransform@Transformable@sf@@QEBAAEBVTransform@2@XZ)
Image.obj : error LNK2001: unresolved external symbol "__declspec(dllimport) public: class sf::Transform const & __cdecl sf::Transformable::getTransform(void)const " (__imp_?getTransform@Transformable@sf@@QEBAAEBVTransform@2@XZ)
Button.obj : error LNK2019: unresolved external symbol "__declspec(dllimport) public: class sf::Transform const & __cdecl sf::Transformable::getInverseTransform(void)const " (__imp_?getInverseTransform@Transformable@sf@@QEBAAEBVTransform@2@XZ) referenced in function "public: virtual bool __cdecl Button::handleEvent(class std::optional<class sf::Event>,class sf::RenderWindow *)" (?handleEvent@Button@@UEAA_NV?$optional@VEvent@sf@@@std@@PEAVRenderWindow@sf@@@Z)
ChangeableBox.obj : error LNK2001: unresolved external symbol "__declspec(dllimport) public: class sf::Transform const & __cdecl sf::Transformable::getInverseTransform(void)const " (__imp_?getInverseTransform@Transformable@sf@@QEBAAEBVTransform@2@XZ)
DropDown.obj : error LNK2001: unresolved external symbol "__declspec(dllimport) public: class sf::Transform const & __cdecl sf::Transformable::getInverseTransform(void)const " (__imp_?getInverseTransform@Transformable@sf@@QEBAAEBVTransform@2@XZ)
Sidebar.obj : error LNK2001: unresolved external symbol "__declspec(dllimport) public: class sf::Transform const & __cdecl sf::Transformable::getInverseTransform(void)const " (__imp_?getInverseTransform@Transformable@sf@@QEBAAEBVTransform@2@XZ)
Button.obj : error LNK2019: unresolved external symbol "__declspec(dllimport) public: __cdecl sf::Sprite::Sprite(class sf::Texture const &)" (__imp_??0Sprite@sf@@QEAA@AEBVTexture@1@@Z) referenced in function "public: __cdecl Button::Button(class sf::Texture *,class sf::Texture *,class RelativeRect)" (??0Button@@QEAA@PEAVTexture@sf@@0VRelativeRect@@@Z)
DropDown.obj : error LNK2001: unresolved external symbol "__declspec(dllimport) public: __cdecl sf::Sprite::Sprite(class sf::Texture const &)" (__imp_??0Sprite@sf@@QEAA@AEBVTexture@1@@Z)
Image.obj : error LNK2001: unresolved external symbol "__declspec(dllimport) public: __cdecl sf::Sprite::Sprite(class sf::Texture const &)" (__imp_??0Sprite@sf@@QEAA@AEBVTexture@1@@Z)
Sidebar.obj : error LNK2001: unresolved external symbol "__declspec(dllimport) public: __cdecl sf::Sprite::Sprite(class sf::Texture const &)" (__imp_??0Sprite@sf@@QEAA@AEBVTexture@1@@Z)
Button.obj : error LNK2019: unresolved external symbol "__declspec(dllimport) public: virtual __cdecl sf::Sprite::~Sprite(void)" (__imp_??1Sprite@sf@@UEAA@XZ) referenced in function "int `public: __cdecl Button::Button(class sf::Texture *,class sf::Texture *,class RelativeRect)'::`1'::dtor$2" (?dtor$2@?0???0Button@@QEAA@PEAVTexture@sf@@0VRelativeRect@@@Z@4HA)
DropDown.obj : error LNK2001: unresolved external symbol "__declspec(dllimport) public: virtual __cdecl sf::Sprite::~Sprite(void)" (__imp_??1Sprite@sf@@UEAA@XZ)
Image.obj : error LNK2001: unresolved external symbol "__declspec(dllimport) public: virtual __cdecl sf::Sprite::~Sprite(void)" (__imp_??1Sprite@sf@@UEAA@XZ)
Sidebar.obj : error LNK2001: unresolved external symbol "__declspec(dllimport) public: virtual __cdecl sf::Sprite::~Sprite(void)" (__imp_??1Sprite@sf@@UEAA@XZ)
GUI_Object.obj : error LNK2019: unresolved external symbol "__declspec(dllimport) public: __cdecl sf::Drawable::Drawable(void)" (__imp_??0Drawable@sf@@QEAA@XZ) referenced in function "public: __cdecl GUI_Object::GUI_Object(class RelativeRect)" (??0GUI_Object@@QEAA@VRelativeRect@@@Z)
GUI_Object.obj : error LNK2019: unresolved external symbol "__declspec(dllimport) public: __cdecl sf::Transformable::Transformable(void)" (__imp_??0Transformable@sf@@QEAA@XZ) referenced in function "public: __cdecl GUI_Object::GUI_Object(class RelativeRect)" (??0GUI_Object@@QEAA@VRelativeRect@@@Z)
MenuState.obj : error LNK2019: unresolved external symbol "__declspec(dllimport) public: class sf::Vector2<float> __cdecl sf::View::getSize(void)const " (__imp_?getSize@View@sf@@QEBA?AV?$Vector2@M@2@XZ) referenced in function "public: virtual bool __cdecl MenuState::update(void)" (?update@MenuState@@UEAA_NXZ)
SettingsState.obj : error LNK2001: unresolved external symbol "__declspec(dllimport) public: class sf::Vector2<float> __cdecl sf::View::getSize(void)const " (__imp_?getSize@View@sf@@QEBA?AV?$Vector2@M@2@XZ)
MenuState.obj : error LNK2019: unresolved external symbol "__declspec(dllimport) public: class sf::View const & __cdecl sf::RenderTarget::getView(void)const " (__imp_?getView@RenderTarget@sf@@QEBAAEBVView@2@XZ) referenced in function "public: virtual bool __cdecl MenuState::update(void)" (?update@MenuState@@UEAA_NXZ)
SettingsState.obj : error LNK2001: unresolved external symbol "__declspec(dllimport) public: class sf::View const & __cdecl sf::RenderTarget::getView(void)const " (__imp_?getView@RenderTarget@sf@@QEBAAEBVView@2@XZ)
MenuState.obj : error LNK2019: unresolved external symbol "__declspec(dllimport) public: __cdecl sf::Texture::Texture(void)" (__imp_??0Texture@sf@@QEAA@XZ) referenced in function "private: __cdecl std::pair<class std::basic_string<char,struct std::char_traits<char>,class std::allocator<char> > const ,class sf::Texture>::pair<class std::basic_string<char,struct std::char_traits<char>,class std::allocator<char> > const ,class sf::Texture><class std::tuple<class std::basic_string<char,struct std::char_traits<char>,class std::allocator<char> > const &>,class std::tuple<>,0>(class std::tuple<class std::basic_string<char,struct std::char_traits<char>,class std::allocator<char> > const &> &,class std::tuple<> &,struct std::integer_sequence<unsigned __int64,0>,struct std::integer_sequence<unsigned __int64>)" (??$?0V?$tuple@AEBV?$basic_string@DU?$char_traits@D@std@@V?$allocator@D@2@@std@@@std@@V?$tuple@$$V@1@$0A@$$Z$S@?$pair@$$CBV?$basic_string@DU?$char_traits@D@std@@V?$allocator@D@2@@std@@VTexture@sf@@@std@@AEAA@AEAV?$tuple@AEBV?$basic_string@DU?$char_traits@D@std@@V?$allocator@D@2@@std@@@1@AEAV?$tuple@$$V@1@U?$integer_sequence@_K$0A@@1@U?$integer_sequence@_K$S@1@@Z)
MenuState.obj : error LNK2019: unresolved external symbol "__declspec(dllimport) public: __cdecl sf::Texture::~Texture(void)" (__imp_??1Texture@sf@@QEAA@XZ) referenced in function "public: __cdecl std::pair<class std::basic_string<char,struct std::char_traits<char>,class std::allocator<char> > const ,class sf::Texture>::~pair<class std::basic_string<char,struct std::char_traits<char>,class std::allocator<char> > const ,class sf::Texture>(void)" (??1?$pair@$$CBV?$basic_string@DU?$char_traits@D@std@@V?$allocator@D@2@@std@@VTexture@sf@@@std@@QEAA@XZ)
MenuState.obj : error LNK2019: unresolved external symbol "__declspec(dllimport) public: class sf::Texture & __cdecl sf::Texture::operator=(class sf::Texture const &)" (__imp_??4Texture@sf@@QEAAAEAV01@AEBV01@@Z) referenced in function "public: void __cdecl ResourceHolder<class sf::Texture>::loadResource(class std::filesystem::path const &,class std::basic_string<char,struct std::char_traits<char>,class std::allocator<char> >)" (?loadResource@?$ResourceHolder@VTexture@sf@@@@QEAAXAEBVpath@filesystem@std@@V?$basic_string@DU?$char_traits@D@std@@V?$allocator@D@2@@4@@Z)
MenuState.obj : error LNK2019: unresolved external symbol "__declspec(dllimport) public: bool __cdecl sf::Texture::loadFromFile(class std::filesystem::path const &,bool,class sf::Rect<int> const &)" (__imp_?loadFromFile@Texture@sf@@QEAA_NAEBVpath@filesystem@std@@_NAEBV?$Rect@H@2@@Z) referenced in function "public: void __cdecl ResourceHolder<class sf::Texture>::loadResource(class std::filesystem::path const &,class std::basic_string<char,struct std::char_traits<char>,class std::allocator<char> >)" (?loadResource@?$ResourceHolder@VTexture@sf@@@@QEAAXAEBVpath@filesystem@std@@V?$basic_string@DU?$char_traits@D@std@@V?$allocator@D@2@@4@@Z)
MenuState.obj : error LNK2019: unresolved external symbol "__declspec(dllimport) public: static struct sf::RenderStates const sf::RenderStates::Default" (__imp_?Default@RenderStates@sf@@2U12@B) referenced in function "public: virtual bool __cdecl MenuState::draw(void)" (?draw@MenuState@@UEAA_NXZ)
SettingsState.obj : error LNK2001: unresolved external symbol "__declspec(dllimport) public: static struct sf::RenderStates const sf::RenderStates::Default" (__imp_?Default@RenderStates@sf@@2U12@B)
RelativeRect.obj : error LNK2019: unresolved external symbol "__declspec(dllimport) public: void __cdecl sf::Transformable::setScale(class sf::Vector2<float>)" (__imp_?setScale@Transformable@sf@@QEAAXV?$Vector2@M@2@@Z) referenced in function "public: void __cdecl RelativeRect::scaleSprite(class sf::Sprite &)" (?scaleSprite@RelativeRect@@QEAAXAEAVSprite@sf@@@Z)
RelativeRect.obj : error LNK2019: unresolved external symbol "__declspec(dllimport) public: void __cdecl sf::Transformable::scale(class sf::Vector2<float>)" (__imp_?scale@Transformable@sf@@QEAAXV?$Vector2@M@2@@Z) referenced in function "public: void __cdecl RelativeRect::scaleSprite(class sf::Sprite &,bool)" (?scaleSprite@RelativeRect@@QEAAXAEAVSprite@sf@@_N@Z)
RelativeRect.obj : error LNK2019: unresolved external symbol "__declspec(dllimport) public: class sf::Rect<float> __cdecl sf::Sprite::getLocalBounds(void)const " (__imp_?getLocalBounds@Sprite@sf@@QEBA?AV?$Rect@M@2@XZ) referenced in function "public: void __cdecl RelativeRect::scaleSprite(class sf::Sprite &)" (?scaleSprite@RelativeRect@@QEAAXAEAVSprite@sf@@@Z)
RelativeRect.obj : error LNK2019: unresolved external symbol "__declspec(dllimport) public: class sf::Rect<float> __cdecl sf::Sprite::getGlobalBounds(void)const " (__imp_?getGlobalBounds@Sprite@sf@@QEBA?AV?$Rect@M@2@XZ) referenced in function "public: void __cdecl RelativeRect::scaleSprite(class sf::Sprite &,bool)" (?scaleSprite@RelativeRect@@QEAAXAEAVSprite@sf@@_N@Z)
C:\Users\natha\Documents\SFML-3.0.2\lib\sfml-graphics-d.lib : warning LNK4272: library machine type 'x64' conflicts with target machine type 'ARM64'
C:\Users\natha\Documents\SFML-3.0.2\lib\sfml-window-d.lib : warning LNK4272: library machine type 'x64' conflicts with target machine type 'ARM64'
C:\Users\natha\Documents\SFML-3.0.2\lib\sfml-system-d.lib : warning LNK4272: library machine type 'x64' conflicts with target machine type 'ARM64'
C:\Users\natha\Documents\GitHub\filing-cabinet\Filing-Cabinet\ARM64\Debug\Filing-Cabinet.exe : fatal error LNK1120: 36 unresolved externals
